<?xml version="1.0" encoding="UTF-8"?>
<!-- Generated by org.testng.reporters.JUnitReportReporter -->
<testsuite skipped="0" hostname="LAPTOP-3CL1E36E" name="com.td.testcases.NewTest" tests="1" failures="0" timestamp="2020-05-22T21:02:22 EDT" time="21.815" errors="0">
  <testcase name="bankingaccountstest" time="21.815" classname="com.td.testcases.NewTest"/>
  <system-out/>
</testsuite> <!-- com.td.testcases.NewTest -->
